d:\mydir\myprj\workspace_ms\midterm exam\ryan\x64\debug\vc143.pdb
d:\mydir\myprj\workspace_ms\midterm exam\ryan\x64\debug\vc143.idb
d:\mydir\myprj\workspace_ms\midterm exam\ryan\x64\debug\ryan.obj
d:\mydir\myprj\workspace_ms\midterm exam\ryan\x64\debug\yuhancg.obj
d:\mydir\myprj\workspace_ms\midterm exam\ryan\x64\debug\ryan.res
d:\mydir\myprj\workspace_ms\midterm exam\x64\debug\ryan.pdb
d:\mydir\myprj\workspace_ms\midterm exam\ryan\x64\debug\ryan.tlog\cl.read.1.tlog
d:\mydir\myprj\workspace_ms\midterm exam\ryan\x64\debug\ryan.tlog\cl.write.1.tlog
d:\mydir\myprj\workspace_ms\midterm exam\ryan\x64\debug\ryan.tlog\cl.command.1.tlog
d:\mydir\myprj\workspace_ms\midterm exam\ryan\x64\debug\ryan.tlog\rc.read.1.tlog
d:\mydir\myprj\workspace_ms\midterm exam\ryan\x64\debug\ryan.tlog\rc.write.1.tlog
d:\mydir\myprj\workspace_ms\midterm exam\ryan\x64\debug\ryan.tlog\rc.command.1.tlog
d:\mydir\myprj\workspace_ms\midterm exam\ryan\x64\debug\ryan.tlog\link-rc.read.1.tlog
d:\mydir\myprj\workspace_ms\midterm exam\ryan\x64\debug\ryan.tlog\link-rc.write.1.tlog
d:\mydir\myprj\workspace_ms\midterm exam\ryan\x64\debug\ryan.tlog\link-cvtres.read.1.tlog
d:\mydir\myprj\workspace_ms\midterm exam\ryan\x64\debug\ryan.tlog\link-cvtres.write.1.tlog
d:\mydir\myprj\workspace_ms\midterm exam\ryan\x64\debug\ryan.tlog\link.read.2.tlog
d:\mydir\myprj\workspace_ms\midterm exam\ryan\x64\debug\ryan.tlog\link.read.1.tlog
d:\mydir\myprj\workspace_ms\midterm exam\ryan\x64\debug\ryan.tlog\link.write.1.tlog
d:\mydir\myprj\workspace_ms\midterm exam\ryan\x64\debug\ryan.tlog\link.command.1.tlog
